<?xml version="1.0" encoding="UTF-8"?>
<!-- Generated by org.testng.reporters.JUnitReportReporter -->
<testsuite skipped="0" hostname="DESKTOP-Q0UIBES" name="testRunner.TestRunner" tests="4" failures="0" timestamp="29 Sep 2020 18:26:53 GMT" time="58.706" errors="0">
  <testcase name="runScenario" time="23.826" classname="testRunner.TestRunner"/>
  <testcase name="runScenario" time="11.631" classname="testRunner.TestRunner"/>
  <testcase name="runScenario" time="12.321" classname="testRunner.TestRunner"/>
  <testcase name="runScenario" time="10.928" classname="testRunner.TestRunner"/>
</testsuite> <!-- testRunner.TestRunner -->
