<?xml version="1.0" encoding="UTF-8"?>
<!-- Generated by org.testng.reporters.JUnitReportReporter -->
<testsuite skipped="0" hostname="DESKTOP-Q0UIBES" name="testRunner.TestRunner" tests="4" failures="0" timestamp="29 Sep 2020 18:37:30 GMT" time="51.271" errors="0">
  <testcase name="runScenario" time="10.092" classname="testRunner.TestRunner"/>
  <testcase name="runScenario" time="10.887" classname="testRunner.TestRunner"/>
  <testcase name="runScenario" time="20.674" classname="testRunner.TestRunner"/>
  <testcase name="runScenario" time="9.618" classname="testRunner.TestRunner"/>
</testsuite> <!-- testRunner.TestRunner -->
